AndroidWear/SynchronizedNotifications-Sample/Application/build/outputs/logs/manifest-merger-debug-report.txt
-- Merging decision tree log ---
manifest
ADDED from src/main/AndroidManifest.xml:20:1-58:12
	package
		ADDED from src/main/AndroidManifest.xml:21:5-69
	android:versionName
		ADDED from src/main/AndroidManifest.xml:23:5-30
		INJECTED from src/main/AndroidManifest.xml
		INJECTED from src/main/AndroidManifest.xml
	android:versionCode
		ADDED from src/main/AndroidManifest.xml:22:5-28
		INJECTED from src/main/AndroidManifest.xml
		INJECTED from src/main/AndroidManifest.xml
	xmlns:android
		ADDED from src/main/AndroidManifest.xml:20:11-69
uses-sdk
ADDED from src/main/AndroidManifest.xml:25:5-26:41
MERGED from [com.google.android.gms:play-services-wearable:8.4.0] AndroidManifest.xml:18:5-42
MERGED from [com.google.android.gms:play-services-base:8.4.0] AndroidManifest.xml:18:5-42
MERGED from [com.google.android.gms:play-services-basement:8.4.0] AndroidManifest.xml:18:5-42
MERGED from [com.android.support:support-v4:23.3.0] AndroidManifest.xml:20:5-43
MERGED from [com.android.support:support-v13:23.3.0] AndroidManifest.xml:20:5-44
MERGED from [com.android.support:support-v4:23.3.0] AndroidManifest.xml:20:5-43
MERGED from [SynchronizedNotifications-Sample:Shared:unspecified] AndroidManifest.xml:20:5-22:41
	android:targetSdkVersion
		ADDED from src/main/AndroidManifest.xml:26:9-38
		INJECTED from src/main/AndroidManifest.xml
		INJECTED from src/main/AndroidManifest.xml
	android:minSdkVersion
		ADDED from src/main/AndroidManifest.xml:25:15-41
		INJECTED from src/main/AndroidManifest.xml
		INJECTED from src/main/AndroidManifest.xml
application
ADDED from src/main/AndroidManifest.xml:28:5-55:19
MERGED from [com.google.android.gms:play-services-wearable:8.4.0] AndroidManifest.xml:19:5-20
MERGED from [com.google.android.gms:play-services-basement:8.4.0] AndroidManifest.xml:20:5-24:19
MERGED from [com.android.support:support-v4:23.3.0] AndroidManifest.xml:22:5-20
MERGED from [com.android.support:support-v13:23.3.0] AndroidManifest.xml:22:5-20
MERGED from [com.android.support:support-v4:23.3.0] AndroidManifest.xml:22:5-20
MERGED from [SynchronizedNotifications-Sample:Shared:unspecified] AndroidManifest.xml:24:5-27:19
	android:label
		ADDED from src/main/AndroidManifest.xml:29:9-41
	android:allowBackup
		ADDED from src/main/AndroidManifest.xml:28:18-44
	android:icon
		ADDED from src/main/AndroidManifest.xml:30:9-45
	android:theme
		ADDED from src/main/AndroidManifest.xml:31:9-40
meta-data#com.google.android.gms.version
ADDED from src/main/AndroidManifest.xml:33:9-122
MERGED from [com.google.android.gms:play-services-basement:8.4.0] AndroidManifest.xml:21:9-23:69
	android:value
		ADDED from src/main/AndroidManifest.xml:33:66-119
	android:name
		ADDED from src/main/AndroidManifest.xml:33:20-65
activity#com.example.android.wearable.synchronizednotifications.MainActivity
ADDED from src/main/AndroidManifest.xml:35:9-42:20
	android:label
		ADDED from src/main/AndroidManifest.xml:36:11-43
	android:uiOptions
		ADDED from src/main/AndroidManifest.xml:37:11-55
	android:name
		ADDED from src/main/AndroidManifest.xml:35:19-47
intent-filter#android.intent.action.MAIN+android.intent.category.LAUNCHER
ADDED from src/main/AndroidManifest.xml:38:13-41:29
action#android.intent.action.MAIN
ADDED from src/main/AndroidManifest.xml:39:17-69
	android:name
		ADDED from src/main/AndroidManifest.xml:39:25-66
category#android.intent.category.LAUNCHER
ADDED from src/main/AndroidManifest.xml:40:17-77
	android:name
		ADDED from src/main/AndroidManifest.xml:40:27-74
service#com.example.android.wearable.synchronizednotifications.DismissListener
ADDED from src/main/AndroidManifest.xml:43:9-54:19
	android:name
		ADDED from src/main/AndroidManifest.xml:43:18-49
intent-filter#com.google.android.gms.wearable.DATA_CHANGED
ADDED from src/main/AndroidManifest.xml:44:13-49:29
action#com.google.android.gms.wearable.DATA_CHANGED
ADDED from src/main/AndroidManifest.xml:46:17-87
	android:name
		ADDED from src/main/AndroidManifest.xml:46:25-84
data
ADDED from src/main/AndroidManifest.xml:48:17-90
	android:host
		ADDED from src/main/AndroidManifest.xml:48:45-61
	android:scheme
		ADDED from src/main/AndroidManifest.xml:48:23-44
	android:pathPrefix
		ADDED from src/main/AndroidManifest.xml:48:62-88
intent-filter#com.example.android.wearable.wearable.synchronizednotifications.DISMISS
ADDED from src/main/AndroidManifest.xml:50:13-53:29
action#com.example.android.wearable.wearable.synchronizednotifications.DISMISS
ADDED from src/main/AndroidManifest.xml:51:17-52:110
	android:name
		ADDED from src/main/AndroidManifest.xml:52:21-107